<?xml version="1.0" encoding="UTF-8"?>
<!-- Generated by org.testng.reporters.JUnitReportReporter -->
<testsuite skipped="0" hostname="DESKTOP-8F2C3E7" name="tests.SearchProductTest" tests="1" failures="0" timestamp="22 ديس 2018 20:56:15 GMT" time="14.730" errors="0">
  <testcase name="UserCanSearchForProducts" time="14.730" classname="tests.SearchProductTest"/>
</testsuite> <!-- tests.SearchProductTest -->
