<?xml version="1.0" encoding="UTF-8"?>
<!-- Generated by org.testng.reporters.JUnitReportReporter -->
<testsuite skipped="0" hostname="DESKTOP-8F2C3E7" name="tests.ProductHoverMenuTest" tests="1" failures="0" timestamp="22 ديس 2018 12:27:11 GMT" time="4.062" errors="0">
  <testcase name="UserCanSelectSubCategoryFromMainMenu" time="4.062" classname="tests.ProductHoverMenuTest"/>
</testsuite> <!-- tests.ProductHoverMenuTest -->
