<?xml version="1.0" encoding="UTF-8"?>
<!-- Generated by org.testng.reporters.JUnitReportReporter -->
<testsuite skipped="0" hostname="DESKTOP-8F2C3E7" name="tests.SearchProductUsingAutoSuggestTest" tests="1" failures="0" timestamp="22 ديس 2018 12:27:10 GMT" time="0.033" errors="0">
  <testcase name="UserCanSearchWithAutoSuggest" time="0.033" classname="tests.SearchProductUsingAutoSuggestTest"/>
</testsuite> <!-- tests.SearchProductUsingAutoSuggestTest -->
